<?xml version="1.0" encoding="UTF-8"?>
<robot generator="Robot 6.1.1 (Python 3.12.0 on darwin)" generated="20231215 12:02:41.647" rpa="false" schemaversion="4">
<suite id="s1" name="test 12 FileUpload" source="/Users/nazmulmahealam/PycharmProjects/Nazmul-Robot-Framework-Basics/tests/test_12_FileUpload.robot">
<test id="s1-t1" name="Upload File In I Lobve PDF WebSite" line="17">
<kw name="Open The Browser To Go I Love PDF URL">
<kw name="Create Webdriver" library="SeleniumLibrary">
<arg>${ChromeBrowser}</arg>
<doc>Creates an instance of Selenium WebDriver.</doc>
<msg timestamp="20231215 12:02:41.993" level="INFO">Creating an instance of the Chrome WebDriver.</msg>
<status status="PASS" starttime="20231215 12:02:41.993" endtime="20231215 12:02:44.199"/>
</kw>
<kw name="Open Browser" library="SeleniumLibrary">
<arg>${url}</arg>
<arg>${ChromeBrowser}</arg>
<arg>options=add_experimental_option("detach", True)</arg>
<doc>Opens a new browser instance to the optional ``url``.</doc>
<msg timestamp="20231215 12:02:44.202" level="INFO">Opening browser 'Chrome' to base url 'https://www.ilovepdf.com/split_pdf'.</msg>
<status status="PASS" starttime="20231215 12:02:44.200" endtime="20231215 12:03:08.443"/>
</kw>
<status status="PASS" starttime="20231215 12:02:41.992" endtime="20231215 12:03:08.443"/>
</kw>
<kw name="Click on Select PDF Button">
<kw name="Wait Until Element Is Visible" library="SeleniumLibrary">
<arg>${fileUploadLocator}</arg>
<doc>Waits until the element ``locator`` is visible.</doc>
<status status="PASS" starttime="20231215 12:03:08.444" endtime="20231215 12:03:08.477"/>
</kw>
<kw name="Click Element" library="SeleniumLibrary">
<arg>${fileUploadLocator}</arg>
<doc>Click the element identified by ``locator``.</doc>
<msg timestamp="20231215 12:03:08.478" level="INFO">Clicking element 'xpath://a[@id='pickfiles']'.</msg>
<status status="PASS" starttime="20231215 12:03:08.477" endtime="20231215 12:03:09.633"/>
</kw>
<kw name="Choose File" library="SeleniumLibrary">
<arg>${fileUploadLocator}</arg>
<arg>${file_path}</arg>
<doc>Inputs the ``file_path`` into the file input field ``locator``.</doc>
<msg timestamp="20231215 12:03:09.635" level="INFO">Sending /Users/nazmulmahealam/Desktop/Nazmul Resume for Jobs/uploadThisFile.pdf to browser.</msg>
<status status="PASS" starttime="20231215 12:03:09.633" endtime="20231215 12:03:09.837"/>
</kw>
<status status="PASS" starttime="20231215 12:03:08.444" endtime="20231215 12:03:09.838"/>
</kw>
<status status="PASS" starttime="20231215 12:02:41.992" endtime="20231215 12:03:09.838"/>
</test>
<doc>To validate the login form</doc>
<status status="PASS" starttime="20231215 12:02:41.652" endtime="20231215 12:03:09.839"/>
</suite>
<statistics>
<total>
<stat pass="1" fail="0" skip="0">All Tests</stat>
</total>
<tag>
</tag>
<suite>
<stat pass="1" fail="0" skip="0" id="s1" name="test 12 FileUpload">test 12 FileUpload</stat>
</suite>
</statistics>
<errors>
</errors>
</robot>
